[2026-03-31 17:08:24] === KUBRIK News Fetch Starting ===
[2026-03-31 17:08:25] Period: 7 days (since 2026-03-24)
[2026-03-31 17:08:25] Fetching: Google Ads Blog (google)...
[2026-03-31 17:08:27]   -> 4 articles total so far
[2026-03-31 17:08:27] Fetching: Yandex Ads News (yandex)...
[2026-03-31 17:08:32]   -> 5 articles total so far
[2026-03-31 17:08:32] Total articles fetched: 5
[2026-03-31 17:08:32] Digest written: /Users/drobotmaxim/kubrik/news-pipeline/data/digests/digest_2026-03-31.md
[2026-03-31 17:08:35] Pushed to repo
[2026-03-31 17:08:35] === KUBRIK News Fetch Complete ===
[2026-03-31 14:14:28] === KUBRIK News Fetch Starting ===
[2026-03-31 14:14:28] Period: 7 days (since 2026-03-24)
[2026-03-31 14:14:28] Fetching: Google Ads Blog (google)...
[2026-03-31 14:14:30]   -> 4 articles total so far
[2026-03-31 14:14:30] Fetching: Yandex Ads News (yandex)...
[2026-03-31 14:14:33]   -> 5 articles total so far
[2026-03-31 14:14:33] Total articles fetched: 5
[2026-03-31 14:14:33] Digest written: /home/maxos/kubrik/news-pipeline/data/digests/digest_2026-03-31.md
[2026-03-31 14:14:33] WARNING: push failed
[2026-03-31 14:14:33] === KUBRIK News Fetch Complete ===
[2026-03-31 14:15:29] === KUBRIK News Fetch Starting ===
[2026-03-31 14:15:31] Period: 7 days (since 2026-03-24)
[2026-03-31 14:15:31] Fetching: Google Ads Blog (google)...
[2026-03-31 14:15:32]   -> 4 articles total so far
[2026-03-31 14:15:32] Fetching: Yandex Ads News (yandex)...
[2026-03-31 14:15:35]   -> 5 articles total so far
[2026-03-31 14:15:35] Total articles fetched: 5
[2026-03-31 14:15:35] Digest written: /home/maxos/kubrik/news-pipeline/data/digests/digest_2026-03-31.md
[2026-03-31 14:15:38] Pushed to repo
[2026-03-31 14:15:38] === KUBRIK News Fetch Complete ===
[2026-03-31 14:20:31] === KUBRIK News Fetch Starting ===
[2026-03-31 14:20:33] Period: 7 days (since 2026-03-24)
[2026-03-31 14:20:33] Fetching: Google Ads Blog (google)...
[2026-03-31 14:20:35]   -> 4 articles total so far
[2026-03-31 14:20:35] Fetching: Yandex Ads News (yandex)...
[2026-03-31 14:20:37]   -> 5 articles total so far
[2026-03-31 14:20:37] Total articles fetched: 5
[2026-03-31 14:20:37] Digest written: /home/maxos/kubrik/news-pipeline/data/digests/digest_2026-03-31.md
[2026-03-31 14:20:37] Fetching full article texts...
[2026-03-31 14:20:37]   Fetching: YCP: как получать продажи из ответов в чате с Алисой AI и из поиска Яндекса
[2026-03-31 14:20:41]   -> saved (119076 bytes)
[2026-03-31 14:20:41]   Fetching: Upgrade your creative performance with March’s Demand Gen Drop.
[2026-03-31 14:20:43]   -> saved (15746 bytes)
[2026-03-31 14:20:43]   Fetching: 5 ways to collaborate with our agentic advisors
[2026-03-31 14:20:46]   -> saved (16359 bytes)
[2026-03-31 14:20:46]   Fetching: Ads Decoded episode 5 navigates the challenges and impact of effective lead gen advertising.
[2026-03-31 14:20:48]   -> saved (16150 bytes)
[2026-03-31 14:20:48]   Fetching: Google’s Commerce Media Suite: Where retailer insights meet the power of YouTube
[2026-03-31 14:20:51]   -> saved (17830 bytes)
[2026-03-31 14:20:51] Full texts fetched: 5
[2026-03-31 14:20:54] Pushed to repo
[2026-03-31 14:20:54] === KUBRIK News Fetch Complete ===
[2026-03-31 14:23:09] === KUBRIK News Fetch Starting ===
[2026-03-31 14:23:10] Period: 7 days (since 2026-03-24)
[2026-03-31 14:23:10] Fetching: Google Ads Blog (google)...
[2026-03-31 14:23:12]   -> 4 articles total so far
[2026-03-31 14:23:12] Fetching: Yandex Ads News (yandex)...
[2026-03-31 14:23:15]   -> 5 articles total so far
[2026-03-31 14:23:15] Total articles fetched: 5
[2026-03-31 14:23:15] Digest written: /home/maxos/kubrik/news-pipeline/data/digests/digest_2026-03-31.md
[2026-03-31 14:23:15] Fetching full article texts...
[2026-03-31 14:23:15]   Fetching: YCP: как получать продажи из ответов в чате с Алисой AI и из поиска Яндекса
[2026-03-31 14:23:19]   -> saved (19809 bytes)
[2026-03-31 14:23:19]   Fetching: Upgrade your creative performance with March’s Demand Gen Drop.
[2026-03-31 14:23:21]   -> saved (1710 bytes)
[2026-03-31 14:23:21]   Fetching: 5 ways to collaborate with our agentic advisors
[2026-03-31 14:23:24]   -> saved (7330 bytes)
[2026-03-31 14:23:24]   Fetching: Ads Decoded episode 5 navigates the challenges and impact of effective lead gen advertising.
[2026-03-31 14:23:26]   -> saved (1146 bytes)
[2026-03-31 14:23:26]   Fetching: Google’s Commerce Media Suite: Where retailer insights meet the power of YouTube
[2026-03-31 14:23:29]   -> saved (5556 bytes)
[2026-03-31 14:23:29] Full texts fetched: 5
[2026-03-31 14:23:31] Pushed to repo
[2026-03-31 14:23:31] === KUBRIK News Fetch Complete ===
[2026-04-06 05:00:01] === KUBRIK News Fetch Starting ===
[2026-04-06 05:00:03] ERROR: no config/.env found
[2026-04-06 11:41:34] === KUBRIK News Fetch Starting ===
[2026-04-06 11:41:36] Period: 7 days (since 2026-03-30)
[2026-04-06 11:41:36] Fetching: Google Ads Blog (google)...
[2026-04-06 11:41:37]   -> 0 articles total so far
[2026-04-06 11:41:37] Fetching: Yandex Ads News (yandex)...
[2026-04-06 11:41:40]   -> 6 articles total so far
[2026-04-06 11:41:40] Total articles fetched: 6
[2026-04-06 11:41:40] Digest written: /home/maxos/kubrik/news-pipeline/data/digests/digest_2026-04-06.md
[2026-04-06 11:41:40] Fetching full article texts...
[2026-04-06 11:41:40]   Fetching: Обновление моделей атрибуции в Яндекс Метрике и Директе
[2026-04-06 11:41:44]   -> saved (8135 bytes)
[2026-04-06 11:41:44]   Fetching: Ecom-дайджест: новинки начала года, которые помогают делать продвижение эффективнее и растить продажи
[2026-04-06 11:41:47]   -> saved (15865 bytes)
[2026-04-06 11:41:47]   Fetching: В Яндекс Картах появилась новая возможность для продвижения бизнес-центров
[2026-04-06 11:41:50]   -> saved (7097 bytes)
[2026-04-06 11:41:50]   Fetching: Сделайте бизнес с наградой «Хорошее место» ещё заметнее — воспользуйтесь специальными условиями продвижения
[2026-04-06 11:41:53]   -> saved (13654 bytes)
[2026-04-06 11:41:53]   Fetching: Дайджест Adfox: обновлённые правила открутки, таргетинг по частоте и ИИ-помощник
[2026-04-06 11:41:56]   -> saved (14494 bytes)
[2026-04-06 11:41:56]   Fetching: РСЯ для блогеров — один год: тренды покупок, категории-рекордсмены и показатели вовлечённости аудитории
[2026-04-06 11:41:59]   -> saved (11306 bytes)
[2026-04-06 11:41:59] Full texts fetched: 6
[2026-04-06 11:41:59] WARNING: skipping large file (8220843 bytes): news-pipeline/cache/rss_824179e4a3f1.xml.split
[2026-04-06 11:41:59] WARNING: skipping large file (8201873 bytes): news-pipeline/cache/rss_824179e4a3f1.xml
[2026-04-06 11:41:59] WARNING: skipping large file (8225200 bytes): news-pipeline/cache/rss_443dc0a905bd.xml.split
[2026-04-06 11:41:59] WARNING: skipping large file (8206214 bytes): news-pipeline/cache/rss_443dc0a905bd.xml
[2026-04-06 11:41:59] Skipped 4 files over 1MB
[2026-04-06 11:42:01] Pushed to news-data
[2026-04-06 11:42:01] === KUBRIK News Fetch Complete ===
[2026-04-13 05:00:01] === KUBRIK News Fetch Starting ===
[2026-04-13 05:00:04] WARNING: git pull failed, continuing with local copy
[2026-04-13 05:00:04] Period: 7 days (since 2026-04-06)
[2026-04-13 05:00:04] Fetching: Google Ads Blog (google)...
[2026-04-13 05:00:05]   -> 1 articles total so far
[2026-04-13 05:00:05] Fetching: Yandex Ads News (yandex)...
[2026-04-13 05:00:08]   -> 2 articles total so far
[2026-04-13 05:00:08] Total articles fetched: 2
[2026-04-13 05:00:08] Digest written: /home/maxos/kubrik/news-pipeline/data/digests/digest_2026-04-13.md
[2026-04-13 05:00:08] Fetching full article texts...
[2026-04-13 05:00:08]   Fetching: AI is changing retail. Here’s how businesses can keep up.
[2026-04-13 05:00:11]   -> saved (1032 bytes)
[2026-04-13 05:00:11]   Fetching: Лендинги в Директе: персонализация с помощью нейротехнологий и работа в условиях нестабильного интернета
[2026-04-13 05:00:14]   -> saved (12324 bytes)
[2026-04-13 05:00:14] Full texts fetched: 2
